<?xml version="1.0" encoding="UTF-8"?>
<!-- Generated by org.testng.reporters.JUnitReportReporter -->
<testsuite skipped="0" hostname="DESKTOP-GHUCK39" name="com.demoaut.newtours.Testscripts.InvalidUserTest" tests="1" failures="0" timestamp="06 Jan 2019 00:19:06 GMT" time="1.257" errors="0">
  <testcase name="InvalidUsersTest" time="1.257" classname="com.demoaut.newtours.Testscripts.InvalidUserTest"/>
</testsuite> <!-- com.demoaut.newtours.Testscripts.InvalidUserTest -->
