<?xml version="1.0" encoding="UTF-8"?>
<!-- Generated by org.testng.reporters.JUnitReportReporter -->
<testsuite skipped="0" hostname="DESKTOP-GHUCK39" name="com.demoaut.newtours.Testscripts.ValidateUserTest" tests="1" failures="0" timestamp="06 Jan 2019 00:19:06 GMT" time="7.512" errors="0">
  <testcase name="ValidateUsersTest" time="7.512" classname="com.demoaut.newtours.Testscripts.ValidateUserTest"/>
</testsuite> <!-- com.demoaut.newtours.Testscripts.ValidateUserTest -->
