<?xml version="1.0" encoding="UTF-8"?>
<!-- Generated by org.testng.reporters.JUnitReportReporter -->
<testsuite skipped="0" hostname="DESKTOP-GHUCK39" name="com.demoaut.newtours.Testscripts.BookTicketTest" tests="1" failures="0" timestamp="06 Jan 2019 00:19:06 GMT" time="8.269" errors="0">
  <testcase name="ticketBookingTest" time="8.269" classname="com.demoaut.newtours.Testscripts.BookTicketTest"/>
</testsuite> <!-- com.demoaut.newtours.Testscripts.BookTicketTest -->
